Arguments: 
  /usr/local/Cellar/node/9.11.1/bin/node /usr/local/Cellar/yarn/1.5.1_1/libexec/bin/yarn.js start

PATH: 
  /Users/wesleykenji/.jenv/shims:/Users/wesleykenji/.jenv/bin:/Library/Java/JavaVirtualMachines/jdk1.8.0_162.jdk/Contents/Home//bin:/Applications/Postgres.app/Contents/Versions/latest/bin:/Users/wesleykenji/bin:/usr/local/bin:/Users/wesleykenji/Library/Python/3.7/bin:/Library/Java/JavaVirtualMachines/jdk1.8.0_162.jdk/Contents/Home//bin:~/Library/Python/3.7/bin:/usr/local/bin:/usr/bin:/bin:/usr/sbin:/sbin:/Applications/Postgres.app/Contents/Versions/latest/bin

Yarn version: 
  1.5.1

Node version: 
  9.11.1

Platform: 
  darwin x64

npm manifest: 
  No manifest

yarn manifest: 
  No manifest

Lockfile: 
  No lockfile

Trace: 
  Error: Couldn't find a package.json file in "/Users/wesleykenji/Desktop/Workspace/Python files/prj5-udacity-neighborhood"
      at new MessageError (/usr/local/Cellar/yarn/1.5.1_1/libexec/lib/cli.js:186:110)
      at /usr/local/Cellar/yarn/1.5.1_1/libexec/lib/cli.js:40048:15
      at Generator.next (<anonymous>)
      at step (/usr/local/Cellar/yarn/1.5.1_1/libexec/lib/cli.js:98:30)
      at /usr/local/Cellar/yarn/1.5.1_1/libexec/lib/cli.js:109:13
      at <anonymous>
